<?xml version="1.0" encoding="UTF-8"?>
<testng-results skipped="0" failed="0" ignored="0" total="1" passed="1">
  <reporter-output>
  </reporter-output>
  <suite name="Default suite" duration-ms="6804" started-at="2020-11-27T21:02:42Z" finished-at="2020-11-27T21:02:49Z">
    <groups>
    </groups>
    <test name="Default test" duration-ms="6804" started-at="2020-11-27T21:02:42Z" finished-at="2020-11-27T21:02:49Z">
      <class name="API.ServiceAutomation">
        <test-method status="PASS" signature="Test1()[pri:0, instance:API.ServiceAutomation@55f3ddb1]" name="Test1" duration-ms="6756" started-at="2020-11-27T21:02:42Z" finished-at="2020-11-27T21:02:49Z">
          <reporter-output>
          </reporter-output>
        </test-method> <!-- Test1 -->
      </class> <!-- API.ServiceAutomation -->
    </test> <!-- Default test -->
  </suite> <!-- Default suite -->
</testng-results>
